<?xml version="1.0" encoding="UTF-8"?>
<!-- Generated by org.testng.reporters.JUnitXMLReporter -->
<testsuite hostname="Sony-PC" ignored="0" name="Homepage" tests="3" failures="1" timestamp="2019-09-19T16:14:19 IST" time="16.96" errors="0">
  <testcase name="getHomePage" time="5.392" classname="Academy.HomepageTest"/>
  <testcase name="getTitle" time="0.047" classname="Academy.HomepageTest">
    <failure type="java.lang.AssertionError" message="expected [Flipkart] but found [Online Shopping Site for Mobiles, Electronics, Furniture, Grocery, Lifestyle, Books &amp;amp; More. Best Offers!]">
      <![CDATA[java.lang.AssertionError: expected [Flipkart] but found [Online Shopping Site for Mobiles, Electronics, Furniture, Grocery, Lifestyle, Books & More. Best Offers!]
at Academy.HomepageTest.getTitle(HomepageTest.java:66)
at java.util.ArrayList.forEach(Unknown Source)
... Removed 32 stack frames]]>
    </failure>
  </testcase> <!-- getTitle -->
  <testcase name="headerValidation" time="1.637" classname="Academy.HomepageTest"/>
</testsuite> <!-- Homepage -->
