<?xml version="1.0" encoding="UTF-8"?>
<!-- Generated by org.testng.reporters.JUnitXMLReporter -->
<testsuite hostname="Sony-PC" ignored="0" name="Homepage" tests="3" failures="1" timestamp="2019-09-19T20:41:03 IST" time="16.142" errors="0">
  <testcase name="getHomePage" time="4.388" classname="Academy.HomepageTest"/>
  <testcase name="getTitle" time="0.08" classname="Academy.HomepageTest">
    <failure type="java.lang.AssertionError" message="expected [Flipkart] but found [Online Shopping Site for Mobiles, Electronics, Furniture, Grocery, Lifestyle, Books &amp;amp; More. Best Offers!]">
      <![CDATA[java.lang.AssertionError: expected [Flipkart] but found [Online Shopping Site for Mobiles, Electronics, Furniture, Grocery, Lifestyle, Books & More. Best Offers!]
at Academy.HomepageTest.getTitle(HomepageTest.java:66)
at java.util.ArrayList.forEach(ArrayList.java:1249)
... Removed 36 stack frames]]>
    </failure>
  </testcase> <!-- getTitle -->
  <testcase name="headerValidation" time="1.708" classname="Academy.HomepageTest"/>
</testsuite> <!-- Homepage -->
